<?xml version="1.0" encoding="UTF-8"?>
<!-- Generated by org.testng.reporters.JUnitXMLReporter -->
<testsuite ignored="0" hostname="LAPTOP-404SERT6" failures="0" tests="17" name="AllTests" time="371.92" errors="0" timestamp="2026-05-26T01:01:40 IST">
  <testcase classname="com.capstone.notes.automation.tests.ui.RegisterTest" name="registerTest" time="4.156"/>
  <testcase classname="com.capstone.notes.automation.tests.ui.LoginTest" name="loginTest" time="49.211"/>
  <testcase classname="com.capstone.notes.automation.tests.ui.LoginTest" name="loginTest" time="50.175"/>
  <testcase classname="com.capstone.notes.automation.tests.ui.NotesTest" name="createNoteTest" time="2.776"/>
  <testcase classname="com.capstone.notes.automation.tests.ui.NotesTest" name="searchNoteTest" time="5.894"/>
  <testcase classname="com.capstone.notes.automation.tests.ui.NotesTest" name="editNoteTest" time="19.397"/>
  <testcase classname="com.capstone.notes.automation.tests.ui.NotesTest" name="deleteNoteTest" time="11.612"/>
  <testcase classname="com.capstone.notes.automation.tests.ui.NotesTest" name="invalidNoteTest" time="1.408"/>
  <testcase classname="com.capstone.notes.automation.tests.api.NotesApiTest" name="createNoteApiTest" time="2.403"/>
  <testcase classname="com.capstone.notes.automation.tests.api.NotesApiTest" name="deleteNoteApiTest" time="1.263"/>
  <testcase classname="com.capstone.notes.automation.tests.api.NotesApiTest" name="getNotesTest" time="0.893"/>
  <testcase classname="com.capstone.notes.automation.tests.api.NotesApiTest" name="invalidCreateNoteApiTest" time="0.851"/>
  <testcase classname="com.capstone.notes.automation.tests.api.NotesApiTest" name="responseTimeTest" time="0.848"/>
  <testcase classname="com.capstone.notes.automation.tests.e2e.HybridTest" name="validateCreatedNoteViaApiAppearsInUI" time="15.694"/>
  <testcase classname="com.capstone.notes.automation.tests.e2e.HybridTest" name="validateDeletedNoteDisappearsFromUI" time="54.722"/>
  <testcase classname="com.capstone.notes.automation.tests.e2e.HybridTest" name="validateUiApiDataConsistency" time="58.077"/>
  <testcase classname="com.capstone.notes.automation.tests.e2e.E2ETest" name="completeWorkflowTest" time="70.648"/>
</testsuite> <!-- AllTests -->
