<?xml version="1.0" encoding="UTF-8"?>
<!-- Generated by org.testng.reporters.JUnitXMLReporter -->
<testsuite ignored="0" hostname="BLackHazard" failures="0" tests="17" name="Surefire test" time="499.016" errors="0" timestamp="2026-05-27T13:14:23 IST">
  <testcase classname="com.capstone.notes.automation.tests.api.NotesApiTest" name="createNoteApiTest" time="2.576"/>
  <testcase classname="com.capstone.notes.automation.tests.api.NotesApiTest" name="deleteNoteApiTest" time="2.021"/>
  <testcase classname="com.capstone.notes.automation.tests.api.NotesApiTest" name="getNotesTest" time="1.361"/>
  <testcase classname="com.capstone.notes.automation.tests.api.NotesApiTest" name="invalidCreateNoteApiTest" time="1.283"/>
  <testcase classname="com.capstone.notes.automation.tests.api.NotesApiTest" name="responseTimeTest" time="1.219"/>
  <testcase classname="com.capstone.notes.automation.tests.e2e.E2ETest" name="completeWorkflowTest" time="142.351"/>
  <testcase classname="com.capstone.notes.automation.tests.e2e.HybridTest" name="validateCreatedNoteViaApiAppearsInUI" time="46.358"/>
  <testcase classname="com.capstone.notes.automation.tests.e2e.HybridTest" name="validateDeletedNoteDisappearsFromUI" time="56.565"/>
  <testcase classname="com.capstone.notes.automation.tests.e2e.HybridTest" name="validateUiApiDataConsistency" time="56.895"/>
  <testcase classname="com.capstone.notes.automation.tests.ui.LoginTest" name="loginTest" time="4.372"/>
  <testcase classname="com.capstone.notes.automation.tests.ui.LoginTest" name="loginTest" time="7.77"/>
  <testcase classname="com.capstone.notes.automation.tests.ui.NotesTest" name="createNoteTest" time="3.186"/>
  <testcase classname="com.capstone.notes.automation.tests.ui.NotesTest" name="searchNoteTest" time="50.815"/>
  <testcase classname="com.capstone.notes.automation.tests.ui.NotesTest" name="editNoteTest" time="37.489"/>
  <testcase classname="com.capstone.notes.automation.tests.ui.NotesTest" name="deleteNoteTest" time="19.504"/>
  <testcase classname="com.capstone.notes.automation.tests.ui.NotesTest" name="invalidNoteTest" time="1.005"/>
  <testcase classname="com.capstone.notes.automation.tests.ui.RegisterTest" name="registerTest" time="24.595"/>
</testsuite> <!-- Surefire test -->
