<?xml version="1.0" encoding="UTF-8"?>
<!-- Generated by org.testng.reporters.JUnitXMLReporter -->
<testsuite ignored="4" hostname="LAPTOP-404SERT6" failures="0" tests="1" name="Default test" time="34.807" errors="0" timestamp="2026-05-26T01:05:41 IST">
  <testcase classname="com.capstone.notes.automation.tests.ui.NotesTest" name="editNoteTest" time="26.15"/>
  <testcase classname="com.capstone.notes.automation.tests.ui.NotesTest" name="invalidNoteTest" time="0.0">
    <ignored/>
  </testcase> <!-- invalidNoteTest -->
  <testcase classname="com.capstone.notes.automation.tests.ui.NotesTest" name="createNoteTest" time="0.0">
    <ignored/>
  </testcase> <!-- createNoteTest -->
  <testcase classname="com.capstone.notes.automation.tests.ui.NotesTest" name="deleteNoteTest" time="0.0">
    <ignored/>
  </testcase> <!-- deleteNoteTest -->
  <testcase classname="com.capstone.notes.automation.tests.ui.NotesTest" name="searchNoteTest" time="0.0">
    <ignored/>
  </testcase> <!-- searchNoteTest -->
</testsuite> <!-- Default test -->
