<?xml version="1.0" encoding="UTF-8"?>
<!-- Generated by org.testng.reporters.JUnitXMLReporter -->
<testsuite ignored="0" hostname="LAPTOP-404SERT6" failures="0" tests="7" name="Test" time="128.009" errors="0" timestamp="2026-05-25T20:47:26 IST">
  <testcase classname="com.capstone.notes.automation.tests.ui.LoginTest" name="loginTest" time="9.14"/>
  <testcase classname="com.capstone.notes.automation.tests.ui.LoginTest" name="loginTest" time="9.833"/>
  <testcase classname="com.capstone.notes.automation.tests.ui.NotesTest" name="createNoteTest" time="2.567"/>
  <testcase classname="com.capstone.notes.automation.tests.ui.NotesTest" name="searchNoteTest" time="50.813"/>
  <testcase classname="com.capstone.notes.automation.tests.ui.NotesTest" name="editNoteTest" time="21.893"/>
  <testcase classname="com.capstone.notes.automation.tests.ui.NotesTest" name="deleteNoteTest" time="13.481"/>
  <testcase classname="com.capstone.notes.automation.tests.ui.NotesTest" name="invalidNoteTest" time="1.467"/>
</testsuite> <!-- Test -->
