<?xml version="1.0" encoding="UTF-8"?>
<testsuite xmlns:xsi="http://www.w3.org/2001/XMLSchema-instance" xsi:noNamespaceSchemaLocation="https://maven.apache.org/surefire/maven-surefire-plugin/xsd/surefire-test-report.xsd" version="3.0.2" name="TestSuite" time="499.732" tests="17" errors="0" skipped="0" failures="0">
  <properties>
[...]
</properties>
  <testcase name="createNoteApiTest" classname="com.capstone.notes.automation.tests.api.NotesApiTest" time="2.612">
    <system-out><![CDATA[Create Note API Passed
]]></system-out>
    <system-err><![CDATA[SLF4J: Failed to load class "org.slf4j.impl.StaticLoggerBinder".
SLF4J: Defaulting to no-operation (NOP) logger implementation
SLF4J: See http://www.slf4j.org/codes.html#StaticLoggerBinder for further details.
ERROR StatusLogger Log4j2 could not find a logging implementation. Please add log4j-core to the classpath. Using SimpleLogger to log to the console...
]]></system-err>
  </testcase>
  <testcase name="deleteNoteApiTest" classname="com.capstone.notes.automation.tests.api.NotesApiTest" time="2.021">
    <system-out><![CDATA[Created Note ID: 6a169f1353916b0295cdb9fb
Delete Note API Passed
]]></system-out>
  </testcase>
  <testcase name="getNotesTest" classname="com.capstone.notes.automation.tests.api.NotesApiTest" time="1.364">
    <system-out><![CDATA[GET Notes API Passed
]]></system-out>
  </testcase>
  <testcase name="invalidCreateNoteApiTest" classname="com.capstone.notes.automation.tests.api.NotesApiTest" time="1.285">
    <system-out><![CDATA[Invalid API validation passed
]]></system-out>
  </testcase>
  <testcase name="responseTimeTest" classname="com.capstone.notes.automation.tests.api.NotesApiTest" time="1.22">
    <system-out><![CDATA[Response Time: 571 ms
]]></system-out>
  </testcase>
  <testcase name="completeWorkflowTest" classname="com.capstone.notes.automation.tests.e2e.E2ETest" time="142.352">
    <system-out><![CDATA[[clickAddNote] Clicking Add Note
[clickAddNote] Waiting for modal to open
[clickAddNote] Modal is open
[enterTitle] Entering: E2E_1779867374547
[enterTitle] Done
[enterDescription] Entering: End to End Test
[enterDescription] Done
[clickSubmit] Clicking submit button
[clickSubmit] Waiting for page to fully reload
[clickSubmit] Page reloaded successfully
[searchNote] Starting — query: 'E2E_1779867374547'
[clearAndType] StaleElement on attempt 1 for locator: By.cssSelector: [data-testid='search-input']
[searchNote] Done
[editNote] Starting
[editNote] Page loaded — waiting for edit button
[editNote] Edit button visible — clicking
[editNote] Edit button clicked — waiting for modal
[editNote] Modal open — entering new title
[editNote] Title entered — entering new description
[editNote] Description entered — clicking submit
[clickSubmit] Clicking submit button
[clickSubmit] Waiting for page to fully reload
[clickSubmit] Page reloaded successfully
[editNote] Submitted
[searchNote] Starting — query: 'E2E_1779867374547_Updated'
[searchNote] Done
[editNote] Search completed
[searchNote] Starting — query: 'E2E_1779867374547_Updated'
[searchNote] Done
[deleteNote] Starting — searching for: E2E_1779867374547_Updated
[searchNote] Starting — query: 'E2E_1779867374547_Updated'
[searchNote] Done
[deleteNote] Waiting for delete button
[deleteNote] Clicking delete button
[deleteNote] Waiting for confirmation dialog
[deleteNote] Dialog visible — clicking confirm
[deleteNote] Done — page reloaded after delete
[isDeleteSuccessful] Checking title gone: E2E_1779867374547_Updated
[searchNote] Starting — query: 'E2E_1779867374547_Updated'
[searchNote] Done
[isDeleteSuccessful] Confirmed — no cards found
Complete E2E workflow passed
]]></system-out>
    <system-err><![CDATA[May 27, 2026 1:06:14 PM org.openqa.selenium.devtools.CdpVersionFinder findNearestMatch
WARNING: Unable to find CDP implementation matching 148
May 27, 2026 1:06:14 PM org.openqa.selenium.chromium.ChromiumDriver lambda$new$5
WARNING: Unable to find version of CDP to use for 148.0.7778.179. You may need to include a dependency on a specific version of the CDP using something similar to `org.seleniumhq.selenium:selenium-devtools-v86:4.27.0` where the version ("v86") matches the version of the chromium-based browser you're using and the version number of the artifact is the same as Selenium's.
]]></system-err>
  </testcase>
  <testcase name="validateCreatedNoteViaApiAppearsInUI" classname="com.capstone.notes.automation.tests.e2e.HybridTest" time="46.358">
    <system-out><![CDATA[[searchNote] Starting — query: 'API Test Note'
[searchNote] Done
Hybrid Test Passed
]]></system-out>
    <system-err><![CDATA[May 27, 2026 1:08:38 PM org.openqa.selenium.devtools.CdpVersionFinder findNearestMatch
WARNING: Unable to find CDP implementation matching 148
May 27, 2026 1:08:38 PM org.openqa.selenium.chromium.ChromiumDriver lambda$new$5
WARNING: Unable to find version of CDP to use for 148.0.7778.179. You may need to include a dependency on a specific version of the CDP using something similar to `org.seleniumhq.selenium:selenium-devtools-v86:4.27.0` where the version ("v86") matches the version of the chromium-based browser you're using and the version number of the artifact is the same as Selenium's.
]]></system-err>
  </testcase>
  <testcase name="validateDeletedNoteDisappearsFromUI" classname="com.capstone.notes.automation.tests.e2e.HybridTest" time="56.564">
    <system-out><![CDATA[[searchNote] Starting — query: 'DeleteHybrid_1779867566475'
[searchNote] Done
Deleted note removed from UI
]]></system-out>
    <system-err><![CDATA[May 27, 2026 1:09:25 PM org.openqa.selenium.devtools.CdpVersionFinder findNearestMatch
WARNING: Unable to find CDP implementation matching 148
May 27, 2026 1:09:25 PM org.openqa.selenium.chromium.ChromiumDriver lambda$new$5
WARNING: Unable to find version of CDP to use for 148.0.7778.179. You may need to include a dependency on a specific version of the CDP using something similar to `org.seleniumhq.selenium:selenium-devtools-v86:4.27.0` where the version ("v86") matches the version of the chromium-based browser you're using and the version number of the artifact is the same as Selenium's.
]]></system-err>
  </testcase>
  <testcase name="validateUiApiDataConsistency" classname="com.capstone.notes.automation.tests.e2e.HybridTest" time="56.897">
    <system-out><![CDATA[[clickAddNote] Clicking Add Note
[clickAddNote] Waiting for modal to open
[clickAddNote] Modal is open
[enterTitle] Entering: Homework_1779867623838
[enterTitle] Done
[enterDescription] Entering: Complete by 5 PM
[enterDescription] Done
[clickSubmit] Clicking submit button
[clickSubmit] Waiting for page to fully reload
[clickSubmit] Page reloaded successfully
[searchNote] Starting — query: 'Homework_1779867623838'
[searchNote] Done
UI → API Consistency Passed
]]></system-out>
    <system-err><![CDATA[May 27, 2026 1:10:23 PM org.openqa.selenium.devtools.CdpVersionFinder findNearestMatch
WARNING: Unable to find CDP implementation matching 148
May 27, 2026 1:10:23 PM org.openqa.selenium.chromium.ChromiumDriver lambda$new$5
WARNING: Unable to find version of CDP to use for 148.0.7778.179. You may need to include a dependency on a specific version of the CDP using something similar to `org.seleniumhq.selenium:selenium-devtools-v86:4.27.0` where the version ("v86") matches the version of the chromium-based browser you're using and the version number of the artifact is the same as Selenium's.
]]></system-err>
  </testcase>
  <testcase name="loginTest[varadvtelang04@gmail.com, abcdef, Valid](1)" classname="com.capstone.notes.automation.tests.ui.LoginTest" time="4.375">
    <system-out><![CDATA[Opening browser
]]></system-out>
    <system-err><![CDATA[May 27, 2026 1:11:21 PM org.openqa.selenium.devtools.CdpVersionFinder findNearestMatch
WARNING: Unable to find CDP implementation matching 148
May 27, 2026 1:11:21 PM org.openqa.selenium.chromium.ChromiumDriver lambda$new$5
WARNING: Unable to find version of CDP to use for 148.0.7778.179. You may need to include a dependency on a specific version of the CDP using something similar to `org.seleniumhq.selenium:selenium-devtools-v86:4.27.0` where the version ("v86") matches the version of the chromium-based browser you're using and the version number of the artifact is the same as Selenium's.
]]></system-err>
  </testcase>
  <testcase name="loginTest[invalid@test.com, Wrong123, Invalid](2)" classname="com.capstone.notes.automation.tests.ui.LoginTest" time="7.773">
    <system-out><![CDATA[Closing browser
Opening browser
]]></system-out>
    <system-err><![CDATA[May 27, 2026 1:11:36 PM org.openqa.selenium.devtools.CdpVersionFinder findNearestMatch
WARNING: Unable to find CDP implementation matching 148
May 27, 2026 1:11:36 PM org.openqa.selenium.chromium.ChromiumDriver lambda$new$5
WARNING: Unable to find version of CDP to use for 148.0.7778.179. You may need to include a dependency on a specific version of the CDP using something similar to `org.seleniumhq.selenium:selenium-devtools-v86:4.27.0` where the version ("v86") matches the version of the chromium-based browser you're using and the version number of the artifact is the same as Selenium's.
]]></system-err>
  </testcase>
  <testcase name="createNoteTest" classname="com.capstone.notes.automation.tests.ui.NotesTest" time="3.189">
    <system-out><![CDATA[Closing browser
[createNoteTest] Starting
[clickAddNote] Clicking Add Note
[clickAddNote] Waiting for modal to open
[clickAddNote] Modal is open
[enterTitle] Entering: Homework
[enterTitle] Done
[enterDescription] Entering: Complete by 5 PM
[enterDescription] Done
[clickSubmit] Clicking submit button
[clickSubmit] Waiting for page to fully reload
[clickSubmit] Page reloaded successfully
[createNoteTest] PASSED
]]></system-out>
    <system-err><![CDATA[May 27, 2026 1:11:50 PM org.openqa.selenium.devtools.CdpVersionFinder findNearestMatch
WARNING: Unable to find CDP implementation matching 148
May 27, 2026 1:11:50 PM org.openqa.selenium.chromium.ChromiumDriver lambda$new$5
WARNING: Unable to find version of CDP to use for 148.0.7778.179. You may need to include a dependency on a specific version of the CDP using something similar to `org.seleniumhq.selenium:selenium-devtools-v86:4.27.0` where the version ("v86") matches the version of the chromium-based browser you're using and the version number of the artifact is the same as Selenium's.
]]></system-err>
  </testcase>
  <testcase name="searchNoteTest" classname="com.capstone.notes.automation.tests.ui.NotesTest" time="50.816">
    <system-out><![CDATA[[searchNoteTest] Starting
[searchNote] Starting — query: 'Homework'
[clearAndType] StaleElement on attempt 1 for locator: By.cssSelector: [data-testid='search-input']
[searchNote] Done
[searchNoteTest] PASSED
]]></system-out>
  </testcase>
  <testcase name="editNoteTest" classname="com.capstone.notes.automation.tests.ui.NotesTest" time="37.491">
    <system-out><![CDATA[[editNoteTest] Clearing search filter
[searchNote] Starting — query: ''
[searchNote] Done
[editNoteTest] Creating note from Excel
[clickAddNote] Clicking Add Note
[clickAddNote] Waiting for modal to open
[clickAddNote] Modal is open
[enterTitle] Entering: Shopping
[enterTitle] Done
[enterDescription] Entering: Buy groceries
[enterDescription] Done
[clickSubmit] Clicking submit button
[clickSubmit] Waiting for page to fully reload
[clickSubmit] Page reloaded successfully
[editNoteTest] Searching for note before edit
[searchNote] Starting — query: 'Shopping'
[clearAndType] StaleElement on attempt 1 for locator: By.cssSelector: [data-testid='search-input']
[searchNote] Done
[editNoteTest] Note created — starting edit
[editNote] Starting
[editNote] Page loaded — waiting for edit button
[editNote] Edit button visible — clicking
[editNote] Edit button clicked — waiting for modal
[editNote] Modal open — entering new title
[editNote] Title entered — entering new description
[editNote] Description entered — clicking submit
[clickSubmit] Clicking submit button
[clickSubmit] Waiting for page to fully reload
[clickSubmit] Page reloaded successfully
[editNote] Submitted
[searchNote] Starting — query: 'ShoppingUpdated'
[searchNote] Done
[editNote] Search completed
[editNoteTest] Edit done — asserting
[searchNote] Starting — query: 'ShoppingUpdated'
[searchNote] Done
[editNoteTest] PASSED
]]></system-out>
  </testcase>
  <testcase name="deleteNoteTest" classname="com.capstone.notes.automation.tests.ui.NotesTest" time="19.506">
    <system-out><![CDATA[[deleteNoteTest] Starting
[searchNote] Starting — query: ''
[searchNote] Done
[deleteNoteTest] Creating note: TemporaryNote_1779867815140
[clickAddNote] Clicking Add Note
[clickAddNote] Waiting for modal to open
[clickAddNote] Modal is open
[enterTitle] Entering: TemporaryNote_1779867815140
[enterTitle] Done
[enterDescription] Entering: Delete this note
[enterDescription] Done
[clickSubmit] Clicking submit button
[clickSubmit] Waiting for page to fully reload
[clickSubmit] Page reloaded successfully
[deleteNoteTest] Note created — deleting
[deleteNote] Starting — searching for: TemporaryNote_1779867815140
[searchNote] Starting — query: 'TemporaryNote_1779867815140'
[searchNote] Done
[deleteNote] Waiting for delete button
[deleteNote] Clicking delete button
[deleteNote] Waiting for confirmation dialog
[deleteNote] Dialog visible — clicking confirm
[deleteNote] Done — page reloaded after delete
[deleteNoteTest] Delete done — asserting
[isDeleteSuccessful] Checking title gone: TemporaryNote_1779867815140
[searchNote] Starting — query: 'TemporaryNote_1779867815140'
[searchNote] Done
[isDeleteSuccessful] Confirmed — no cards found
[deleteNoteTest] PASSED
]]></system-out>
  </testcase>
  <testcase name="invalidNoteTest" classname="com.capstone.notes.automation.tests.ui.NotesTest" time="1.007">
    <system-out><![CDATA[[invalidNoteTest] Starting
[clickAddNote] Clicking Add Note
[clickAddNote] Waiting for modal to open
[clickAddNote] Modal is open
[enterTitle] Entering: 
[enterTitle] Done
[enterDescription] Entering: Invalid Test Note
[enterDescription] Done
[clickSubmit] Clicking submit button
[clickSubmit] Waiting for page to fully reload
[clickSubmit] Page reloaded successfully
[invalidNoteTest] PASSED
]]></system-out>
  </testcase>
  <testcase name="registerTest" classname="com.capstone.notes.automation.tests.ui.RegisterTest" time="24.596">
    <system-out><![CDATA[[registerTest] Starting
[registerUser] Opening registration
[registerUser] Entering data
[registerUser] Clicking register
[registerTest] PASSED
]]></system-out>
    <system-err><![CDATA[May 27, 2026 1:13:53 PM org.openqa.selenium.devtools.CdpVersionFinder findNearestMatch
WARNING: Unable to find CDP implementation matching 148
May 27, 2026 1:13:53 PM org.openqa.selenium.chromium.ChromiumDriver lambda$new$5
WARNING: Unable to find version of CDP to use for 148.0.7778.179. You may need to include a dependency on a specific version of the CDP using something similar to `org.seleniumhq.selenium:selenium-devtools-v86:4.27.0` where the version ("v86") matches the version of the chromium-based browser you're using and the version number of the artifact is the same as Selenium's.
]]></system-err>
  </testcase>
</testsuite>