<?xml version="1.0" encoding="UTF-8"?>
<testng-results ignored="0" total="1" passed="1" failed="0" skipped="0">
  <reporter-output>
  </reporter-output>
  <suite started-at="2026-05-26T01:05:06 IST" name="Default suite" finished-at="2026-05-26T01:05:41 IST" duration-ms="34807">
    <groups>
    </groups>
    <test started-at="2026-05-26T01:05:06 IST" name="Default test" finished-at="2026-05-26T01:05:41 IST" duration-ms="34807">
      <class name="com.capstone.notes.automation.tests.ui.NotesTest">
        <test-method is-config="true" signature="initializePages()[pri:0, instance:com.capstone.notes.automation.tests.ui.NotesTest@15a04efb]" started-at="2026-05-26T01:05:07 IST" name="initializePages" finished-at="2026-05-26T01:05:15 IST" duration-ms="8227" status="PASS">
          <reporter-output>
          </reporter-output>
        </test-method> <!-- initializePages -->
        <test-method signature="editNoteTest()[pri:3, instance:com.capstone.notes.automation.tests.ui.NotesTest@15a04efb]" started-at="2026-05-26T01:05:15 IST" name="editNoteTest" finished-at="2026-05-26T01:05:41 IST" duration-ms="26150" status="PASS">
          <reporter-output>
          </reporter-output>
        </test-method> <!-- editNoteTest -->
        <test-method is-config="true" signature="closeBrowser()[pri:0, instance:com.capstone.notes.automation.tests.ui.NotesTest@15a04efb]" started-at="2026-05-26T01:05:41 IST" name="closeBrowser" finished-at="2026-05-26T01:05:41 IST" duration-ms="250" status="PASS">
          <reporter-output>
          </reporter-output>
        </test-method> <!-- closeBrowser -->
      </class> <!-- com.capstone.notes.automation.tests.ui.NotesTest -->
    </test> <!-- Default test -->
  </suite> <!-- Default suite -->
</testng-results>
