<?xml version="1.0" encoding="UTF-8"?>
<!-- Generated by org.testng.reporters.JUnitReportReporter -->
<testsuite hostname="LAPTOP-404SERT6" failures="0" tests="5" name="com.capstone.notes.automation.tests.api.NotesApiTest" time="6.258" errors="0" timestamp="2026-05-26T01:01:40 IST" skipped="0">
  <testcase classname="com.capstone.notes.automation.tests.api.NotesApiTest" name="createNoteApiTest" time="2.403"/>
  <testcase classname="com.capstone.notes.automation.tests.api.NotesApiTest" name="responseTimeTest" time="0.848"/>
  <testcase classname="com.capstone.notes.automation.tests.api.NotesApiTest" name="invalidCreateNoteApiTest" time="0.851"/>
  <testcase classname="com.capstone.notes.automation.tests.api.NotesApiTest" name="deleteNoteApiTest" time="1.263"/>
  <testcase classname="com.capstone.notes.automation.tests.api.NotesApiTest" name="getNotesTest" time="0.893"/>
</testsuite> <!-- com.capstone.notes.automation.tests.api.NotesApiTest -->
