<?xml version="1.0" encoding="UTF-8"?>
<!-- Generated by org.testng.reporters.JUnitReportReporter -->
<testsuite hostname="LAPTOP-404SERT6" failures="0" tests="2" name="com.capstone.notes.automation.tests.ui.LoginTest" time="105.886" errors="0" timestamp="2026-05-26T01:01:40 IST" skipped="0">
  <testcase classname="com.capstone.notes.automation.tests.ui.LoginTest" name="loginTest" time="55.327"/>
  <testcase classname="com.capstone.notes.automation.tests.ui.LoginTest" name="loginTest" time="50.559"/>
</testsuite> <!-- com.capstone.notes.automation.tests.ui.LoginTest -->
