<?xml version="1.0" encoding="UTF-8"?>
<!-- Generated by org.testng.reporters.JUnitReportReporter -->
<testsuite hostname="LAPTOP-404SERT6" failures="0" tests="3" name="com.capstone.notes.automation.tests.e2e.HybridTest" time="131.503" errors="0" timestamp="2026-05-26T01:01:40 IST" skipped="0">
  <testcase classname="com.capstone.notes.automation.tests.e2e.HybridTest" name="validateDeletedNoteDisappearsFromUI" time="55.697"/>
  <testcase classname="com.capstone.notes.automation.tests.e2e.HybridTest" name="validateUiApiDataConsistency" time="59.063"/>
  <testcase classname="com.capstone.notes.automation.tests.e2e.HybridTest" name="validateCreatedNoteViaApiAppearsInUI" time="16.743"/>
</testsuite> <!-- com.capstone.notes.automation.tests.e2e.HybridTest -->
