<?xml version="1.0" encoding="UTF-8"?>
<!-- Generated by org.testng.reporters.JUnitReportReporter -->
<testsuite hostname="BLackHazard" failures="0" tests="2" name="com.capstone.notes.automation.tests.ui.LoginTest" time="28.721" errors="0" timestamp="2026-05-27T13:14:23 IST" skipped="0">
  <testcase classname="com.capstone.notes.automation.tests.ui.LoginTest" name="loginTest" time="14.379"/>
  <testcase classname="com.capstone.notes.automation.tests.ui.LoginTest" name="loginTest" time="14.342"/>
</testsuite> <!-- com.capstone.notes.automation.tests.ui.LoginTest -->
