<?xml version="1.0" encoding="UTF-8"?>
<!-- Generated by org.testng.reporters.JUnitReportReporter -->
<testsuite hostname="BLackHazard" failures="0" tests="5" name="com.capstone.notes.automation.tests.api.NotesApiTest" time="8.460" errors="0" timestamp="2026-05-27T13:14:23 IST" skipped="0">
  <testcase classname="com.capstone.notes.automation.tests.api.NotesApiTest" name="invalidCreateNoteApiTest" time="1.283"/>
  <testcase classname="com.capstone.notes.automation.tests.api.NotesApiTest" name="responseTimeTest" time="1.219"/>
  <testcase classname="com.capstone.notes.automation.tests.api.NotesApiTest" name="deleteNoteApiTest" time="2.021"/>
  <testcase classname="com.capstone.notes.automation.tests.api.NotesApiTest" name="createNoteApiTest" time="2.576"/>
  <testcase classname="com.capstone.notes.automation.tests.api.NotesApiTest" name="getNotesTest" time="1.361"/>
</testsuite> <!-- com.capstone.notes.automation.tests.api.NotesApiTest -->
