<?xml version="1.0" encoding="UTF-8"?>
<!-- Generated by org.testng.reporters.JUnitReportReporter -->
<testsuite hostname="BLackHazard" failures="0" tests="5" name="com.capstone.notes.automation.tests.ui.NotesTest" time="111.999" errors="0" timestamp="2026-05-27T13:14:23 IST" skipped="0">
  <testcase classname="com.capstone.notes.automation.tests.ui.NotesTest" name="createNoteTest" time="3.186"/>
  <testcase classname="com.capstone.notes.automation.tests.ui.NotesTest" name="searchNoteTest" time="50.815"/>
  <testcase classname="com.capstone.notes.automation.tests.ui.NotesTest" name="editNoteTest" time="37.489"/>
  <testcase classname="com.capstone.notes.automation.tests.ui.NotesTest" name="deleteNoteTest" time="19.504"/>
  <testcase classname="com.capstone.notes.automation.tests.ui.NotesTest" name="invalidNoteTest" time="1.005"/>
</testsuite> <!-- com.capstone.notes.automation.tests.ui.NotesTest -->
