<?xml version="1.0" encoding="UTF-8"?>
<!-- Generated by org.testng.reporters.JUnitReportReporter -->
<testsuite hostname="BLackHazard" failures="0" tests="3" name="com.capstone.notes.automation.tests.e2e.HybridTest" time="163.798" errors="0" timestamp="2026-05-27T13:14:23 IST" skipped="0">
  <testcase classname="com.capstone.notes.automation.tests.e2e.HybridTest" name="validateDeletedNoteDisappearsFromUI" time="58.048"/>
  <testcase classname="com.capstone.notes.automation.tests.e2e.HybridTest" name="validateUiApiDataConsistency" time="58.137"/>
  <testcase classname="com.capstone.notes.automation.tests.e2e.HybridTest" name="validateCreatedNoteViaApiAppearsInUI" time="47.613"/>
</testsuite> <!-- com.capstone.notes.automation.tests.e2e.HybridTest -->
